\BOOKMARK [0][-]{chapter.1}{Heat transfer and fluid flow, nonmetallic coolants}{}% 1
\BOOKMARK [1][-]{section.1.1}{[10-1] - }{chapter.1}% 2
\BOOKMARK [2][-]{subsection.1.1.1}{Problem}{section.1.1}% 3
\BOOKMARK [2][-]{subsection.1.1.2}{Solution}{section.1.1}% 4
\BOOKMARK [1][-]{section.1.2}{[10-7] - }{chapter.1}% 5
\BOOKMARK [2][-]{subsection.1.2.1}{Problem}{section.1.2}% 6
\BOOKMARK [2][-]{subsection.1.2.2}{Solution}{section.1.2}% 7
\BOOKMARK [1][-]{section.1.3}{[9-6] - W'/q}{chapter.1}% 8
\BOOKMARK [2][-]{subsection.1.3.1}{Problem}{section.1.3}% 9
\BOOKMARK [2][-]{subsection.1.3.2}{Solution}{section.1.3}% 10
\BOOKMARK [1][-]{section.1.4}{[J1] - Temperature distribution}{chapter.1}% 11
\BOOKMARK [2][-]{subsection.1.4.1}{Problem}{section.1.4}% 12
\BOOKMARK [2][-]{subsection.1.4.2}{Solution}{section.1.4}% 13
\BOOKMARK [1][-]{section.1.5}{[J2] - Triangular pipe}{chapter.1}% 14
\BOOKMARK [2][-]{subsection.1.5.1}{Problem}{section.1.5}% 15
\BOOKMARK [2][-]{subsection.1.5.2}{Solution}{section.1.5}% 16
\BOOKMARK [1][-]{section.1.6}{[J3] - Scaling of the Navier-Stokes equation}{chapter.1}% 17
\BOOKMARK [2][-]{subsection.1.6.1}{Problem}{section.1.6}% 18
\BOOKMARK [2][-]{subsection.1.6.2}{Solution}{section.1.6}% 19
\BOOKMARK [0][-]{section*.2}{Bibliography}{}% 20
