This is pdfTeX, Version 3.14159265-2.6-1.40.16 (TeX Live 2015/Debian) (preloaded format=pdflatex 2017.10.5)  20 NOV 2017 08:38
entering extended mode
 restricted \write18 enabled.
 %&-line parsing enabled.
**pfbn.tex
(./pfbn.tex
LaTeX2e <2016/02/01>
Babel <3.9q> and hyphenation patterns for 81 language(s) loaded.
(/usr/share/texlive/texmf-dist/tex/latex/base/article.cls
Document Class: article 2014/09/29 v1.4h Standard LaTeX document class
(/usr/share/texlive/texmf-dist/tex/latex/base/size10.clo
File: size10.clo 2014/09/29 v1.4h Standard LaTeX file (size option)
)
\c@part=\count79
\c@section=\count80
\c@subsection=\count81
\c@subsubsection=\count82
\c@paragraph=\count83
\c@subparagraph=\count84
\c@figure=\count85
\c@table=\count86
\abovecaptionskip=\skip41
\belowcaptionskip=\skip42
\bibindent=\dimen102
)
(/usr/share/texlive/texmf-dist/tex/latex/setspace/setspace.sty
Package: setspace 2011/12/19 v6.7a set line spacing
)
(/usr/share/texlive/texmf-dist/tex/latex/float/float.sty
Package: float 2001/11/08 v1.3d Float enhancements (AL)
\c@float@type=\count87
\float@exts=\toks14
\float@box=\box26
\@float@everytoks=\toks15
\@floatcapt=\box27
)
(/usr/share/texlive/texmf-dist/tex/latex/apacite/apacite.sty
Package: apacite 2013/07/21 v6.03 APA citation
\c@BibCnt=\count88
\bibleftmargin=\skip43
\bibindent=\skip44
\bibparsep=\skip45
\bibitemsep=\skip46
\biblabelsep=\skip47
)
(/usr/share/texlive/texmf-dist/tex/latex/lipsum/lipsum.sty
Package: lipsum 2014/07/27 v1.3 150 paragraphs of Lorem Ipsum dummy text
\c@lips@count=\count89
)
(/usr/share/texlive/texmf-dist/tex/latex/graphics/graphicx.sty
Package: graphicx 2014/10/28 v1.0g Enhanced LaTeX Graphics (DPC,SPQR)

(/usr/share/texlive/texmf-dist/tex/latex/graphics/keyval.sty
Package: keyval 2014/10/28 v1.15 key=value parser (DPC)
\KV@toks@=\toks16
)
(/usr/share/texlive/texmf-dist/tex/latex/graphics/graphics.sty
Package: graphics 2016/01/03 v1.0q Standard LaTeX Graphics (DPC,SPQR)

(/usr/share/texlive/texmf-dist/tex/latex/graphics/trig.sty
Package: trig 2016/01/03 v1.10 sin cos tan (DPC)
)
(/usr/share/texlive/texmf-dist/tex/latex/latexconfig/graphics.cfg
File: graphics.cfg 2010/04/23 v1.9 graphics configuration of TeX Live
)
Package graphics Info: Driver file: pdftex.def on input line 95.

(/usr/share/texlive/texmf-dist/tex/latex/pdftex-def/pdftex.def
File: pdftex.def 2011/05/27 v0.06d Graphics/color for pdfTeX

(/usr/share/texlive/texmf-dist/tex/generic/oberdiek/infwarerr.sty
Package: infwarerr 2010/04/08 v1.3 Providing info/warning/error messages (HO)
)
(/usr/share/texlive/texmf-dist/tex/generic/oberdiek/ltxcmds.sty
Package: ltxcmds 2011/11/09 v1.22 LaTeX kernel commands for general use (HO)
)
\Gread@gobject=\count90
))
\Gin@req@height=\dimen103
\Gin@req@width=\dimen104
)
(/usr/share/texlive/texmf-dist/tex/latex/amsmath/amsmath.sty
Package: amsmath 2016/03/03 v2.15a AMS math features
\@mathmargin=\skip48

For additional information on amsmath, use the `?' option.
(/usr/share/texlive/texmf-dist/tex/latex/amsmath/amstext.sty
Package: amstext 2000/06/29 v2.01 AMS text

(/usr/share/texlive/texmf-dist/tex/latex/amsmath/amsgen.sty
File: amsgen.sty 1999/11/30 v2.0 generic functions
\@emptytoks=\toks17
\ex@=\dimen105
))
(/usr/share/texlive/texmf-dist/tex/latex/amsmath/amsbsy.sty
Package: amsbsy 1999/11/29 v1.2d Bold Symbols
\pmbraise@=\dimen106
)
(/usr/share/texlive/texmf-dist/tex/latex/amsmath/amsopn.sty
Package: amsopn 1999/12/14 v2.01 operator names
)
\inf@bad=\count91
LaTeX Info: Redefining \frac on input line 199.
\uproot@=\count92
\leftroot@=\count93
LaTeX Info: Redefining \overline on input line 297.
\classnum@=\count94
\DOTSCASE@=\count95
LaTeX Info: Redefining \ldots on input line 394.
LaTeX Info: Redefining \dots on input line 397.
LaTeX Info: Redefining \cdots on input line 518.
\Mathstrutbox@=\box28
\strutbox@=\box29
\big@size=\dimen107
LaTeX Font Info:    Redeclaring font encoding OML on input line 630.
LaTeX Font Info:    Redeclaring font encoding OMS on input line 631.
\macc@depth=\count96
\c@MaxMatrixCols=\count97
\dotsspace@=\muskip10
\c@parentequation=\count98
\dspbrk@lvl=\count99
\tag@help=\toks18
\row@=\count100
\column@=\count101
\maxfields@=\count102
\andhelp@=\toks19
\eqnshift@=\dimen108
\alignsep@=\dimen109
\tagshift@=\dimen110
\tagwidth@=\dimen111
\totwidth@=\dimen112
\lineht@=\dimen113
\@envbody=\toks20
\multlinegap=\skip49
\multlinetaggap=\skip50
\mathdisplay@stack=\toks21
LaTeX Info: Redefining \[ on input line 2735.
LaTeX Info: Redefining \] on input line 2736.
)
(/home/glher/texmf/tex/latex/commonstuff/kbordermatrix.sty
Package: kbordermatrix 2011/09/21 Bordered matrix with brackets
\kbcolsep=\skip51
\kbrowsep=\skip52
\br@kwd=\skip53
\k@bordht=\skip54
)
(/usr/share/texlive/texmf-dist/tex/latex/jknapltx/mathrsfs.sty
Package: mathrsfs 1996/01/01 Math RSFS package v1.0 (jk)
\symrsfs=\mathgroup4
)
(/usr/share/texlive/texmf-dist/tex/latex/caption/subcaption.sty
Package: subcaption 2016/02/20 v1.1-142 Sub-captions (AR)

(/usr/share/texlive/texmf-dist/tex/latex/caption/caption.sty
Package: caption 2016/02/21 v3.3-144 Customizing captions (AR)

(/usr/share/texlive/texmf-dist/tex/latex/caption/caption3.sty
Package: caption3 2016/02/04 v1.7-139 caption3 kernel (AR)
Package caption3 Info: TeX engine: e-TeX on input line 67.
\captionmargin=\dimen114
\captionmargin@=\dimen115
\captionwidth=\dimen116
\caption@tempdima=\dimen117
\caption@indent=\dimen118
\caption@parindent=\dimen119
\caption@hangindent=\dimen120
)
\c@ContinuedFloat=\count103
Package caption Info: float package is loaded.
)
\c@subfigure=\count104
\c@subtable=\count105
)
(/usr/share/texlive/texmf-dist/tex/latex/multirow/multirow.sty
\bigstrutjot=\dimen121
)
(/usr/share/texlive/texmf-dist/tex/latex/siunitx/siunitx.sty
(/usr/share/texlive/texmf-dist/tex/latex/l3kernel/expl3.sty
Package: expl3 2016/01/19 v6377 L3 programming layer (loader) 

(/usr/share/texlive/texmf-dist/tex/latex/l3kernel/expl3-code.tex
Package: expl3 2016/01/19 v6377 L3 programming layer (code)
L3 Module: l3bootstrap 2016/01/01 v6339 L3 Bootstrap code
L3 Module: l3names 2015/12/21 v6328 L3 Namespace for primitives
L3 Module: l3basics 2015/11/22 v6315 L3 Basic definitions
L3 Module: l3expan 2015/09/10 v5983 L3 Argument expansion
L3 Module: l3tl 2015/09/29 v6121 L3 Token lists
L3 Module: l3str 2016/01/03 v6357 L3 Strings
L3 Module: l3seq 2015/08/05 v5777 L3 Sequences and stacks
L3 Module: l3int 2016/01/05 v6366 L3 Integers
\c_max_int=\count106
\l_tmpa_int=\count107
\l_tmpb_int=\count108
\g_tmpa_int=\count109
\g_tmpb_int=\count110
L3 Module: l3quark 2015/08/17 v5855 L3 Quarks
L3 Module: l3prg 2015/11/01 v6216 L3 Control structures
\g__prg_map_int=\count111
L3 Module: l3clist 2015/09/02 v5901 L3 Comma separated lists
L3 Module: l3token 2015/11/11 v6249 L3 Experimental token manipulation
L3 Module: l3prop 2016/01/05 v6366 L3 Property lists
L3 Module: l3msg 2015/09/28 v6113 L3 Messages
L3 Module: l3file 2015/12/03 v6317 L3 File and I/O operations
\l_iow_line_count_int=\count112
\l__iow_target_count_int=\count113
\l__iow_current_line_int=\count114
\l__iow_current_word_int=\count115
\l__iow_current_indentation_int=\count116
L3 Module: l3skip 2016/01/05 v6366 L3 Dimensions and skips
\c_zero_dim=\dimen122
\c_max_dim=\dimen123
\l_tmpa_dim=\dimen124
\l_tmpb_dim=\dimen125
\g_tmpa_dim=\dimen126
\g_tmpb_dim=\dimen127
\c_zero_skip=\skip55
\c_max_skip=\skip56
\l_tmpa_skip=\skip57
\l_tmpb_skip=\skip58
\g_tmpa_skip=\skip59
\g_tmpb_skip=\skip60
\c_zero_muskip=\muskip11
\c_max_muskip=\muskip12
\l_tmpa_muskip=\muskip13
\l_tmpb_muskip=\muskip14
\g_tmpa_muskip=\muskip15
\g_tmpb_muskip=\muskip16
L3 Module: l3keys 2015/11/17 v6284 L3 Key-value interfaces
\g__keyval_level_int=\count117
\l_keys_choice_int=\count118
L3 Module: l3fp 2015/08/25 v5890 L3 Floating points
\c__fp_leading_shift_int=\count119
\c__fp_middle_shift_int=\count120
\c__fp_trailing_shift_int=\count121
\c__fp_big_leading_shift_int=\count122
\c__fp_big_middle_shift_int=\count123
\c__fp_big_trailing_shift_int=\count124
\c__fp_Bigg_leading_shift_int=\count125
\c__fp_Bigg_middle_shift_int=\count126
\c__fp_Bigg_trailing_shift_int=\count127
L3 Module: l3box 2015/08/09 v5822 L3 Experimental boxes
\c_empty_box=\box30
\l_tmpa_box=\box31
\l_tmpb_box=\box32
\g_tmpa_box=\box33
\g_tmpb_box=\box34
L3 Module: l3coffins 2015/08/06 v5789 L3 Coffin code layer
\l__coffin_internal_box=\box35
\l__coffin_internal_dim=\dimen128
\l__coffin_offset_x_dim=\dimen129
\l__coffin_offset_y_dim=\dimen130
\l__coffin_x_dim=\dimen131
\l__coffin_y_dim=\dimen132
\l__coffin_x_prime_dim=\dimen133
\l__coffin_y_prime_dim=\dimen134
\c_empty_coffin=\box36
\l__coffin_aligned_coffin=\box37
\l__coffin_aligned_internal_coffin=\box38
\l_tmpa_coffin=\box39
\l_tmpb_coffin=\box40
\l__coffin_display_coffin=\box41
\l__coffin_display_coord_coffin=\box42
\l__coffin_display_pole_coffin=\box43
\l__coffin_display_offset_dim=\dimen135
\l__coffin_display_x_dim=\dimen136
\l__coffin_display_y_dim=\dimen137
L3 Module: l3color 2014/08/23 v5354 L3 Experimental color support
L3 Module: l3sys 2015/09/25 v6087 L3 Experimental system/runtime functions
L3 Module: l3candidates 2016/01/14 v6376 L3 Experimental additions to l3kernel
\l__box_top_dim=\dimen138
\l__box_bottom_dim=\dimen139
\l__box_left_dim=\dimen140
\l__box_right_dim=\dimen141
\l__box_top_new_dim=\dimen142
\l__box_bottom_new_dim=\dimen143
\l__box_left_new_dim=\dimen144
\l__box_right_new_dim=\dimen145
\l__box_internal_box=\box44
\l__coffin_bounding_shift_dim=\dimen146
\l__coffin_left_corner_dim=\dimen147
\l__coffin_right_corner_dim=\dimen148
\l__coffin_bottom_corner_dim=\dimen149
\l__coffin_top_corner_dim=\dimen150
\l__coffin_scaled_total_height_dim=\dimen151
\l__coffin_scaled_width_dim=\dimen152
L3 Module: l3luatex 2015/11/11 v6250 L3 Experimental LuaTeX-specific functions
)
(/usr/share/texlive/texmf-dist/tex/latex/l3kernel/l3pdfmode.def
File: l3pdfmode.def 2015/11/11 v6250 L3 Experimental driver: PDF mode
\l__driver_color_stack_int=\count128
))
(/usr/share/texlive/texmf-dist/tex/latex/l3packages/xparse/xparse.sty
Package: xparse 2016/01/19 v6377 L3 Experimental document command parser
\l__xparse_current_arg_int=\count129
\l__xparse_m_args_int=\count130
\l__xparse_mandatory_args_int=\count131
\l__xparse_processor_int=\count132
\l__xparse_v_nesting_int=\count133
)
Package: siunitx 2016/03/01 v2.6q A comprehensive (SI) units package

(/usr/share/texlive/texmf-dist/tex/latex/tools/array.sty
Package: array 2014/10/28 v2.4c Tabular extension package (FMi)
\col@sep=\dimen153
\extrarowheight=\dimen154
\NC@list=\toks22
\extratabsurround=\skip61
\backup@length=\skip62
)
(/usr/share/texlive/texmf-dist/tex/latex/l3packages/l3keys2e/l3keys2e.sty
Package: l3keys2e 2016/01/19 v6377 LaTeX2e option processing using LaTeX3 keys
)
\l__siunitx_tmp_box=\box45
\l__siunitx_tmp_dim=\dimen155
\l__siunitx_tmp_int=\count134
\l__siunitx_number_mantissa_length_int=\count135
\l__siunitx_number_uncert_length_int=\count136
\l__siunitx_round_int=\count137
\l__siunitx_process_decimal_int=\count138
\l__siunitx_process_uncertainty_int=\count139
\l__siunitx_process_fixed_int=\count140
\l__siunitx_process_integer_min_int=\count141
\l__siunitx_process_precision_int=\count142
\l__siunitx_group_min_int=\count143
\l__siunitx_angle_marker_box=\box46
\l__siunitx_angle_unit_box=\box47
\l__siunitx_angle_marker_dim=\dimen156
\l__siunitx_angle_unit_dim=\dimen157
\l__siunitx_unit_int=\count144
\l__siunitx_unit_denominator_int=\count145
\l__siunitx_unit_numerator_int=\count146
\l__siunitx_unit_prefix_int=\count147
\l__siunitx_unit_prefix_base_int=\count148
\l__siunitx_unit_prefix_gram_int=\count149
\l__siunitx_number_product_int=\count150
\c__siunitx_one_fill_skip=\skip63
\l__siunitx_table_unit_align_skip=\skip64
\l__siunitx_table_exponent_dim=\dimen158
\l__siunitx_table_integer_dim=\dimen159
\l__siunitx_table_mantissa_dim=\dimen160
\l__siunitx_table_marker_dim=\dimen161
\l__siunitx_table_result_dim=\dimen162
\l__siunitx_table_uncert_dim=\dimen163
\l__siunitx_table_fill_pre_dim=\dimen164
\l__siunitx_table_fill_post_dim=\dimen165
\l__siunitx_table_fill_mid_dim=\dimen166
\l__siunitx_table_pre_box=\box48
\l__siunitx_table_post_box=\box49
\l__siunitx_table_mantissa_box=\box50
\l__siunitx_table_result_box=\box51
\l__siunitx_table_number_align_skip=\skip65
\l__siunitx_table_text_align_skip=\skip66
.................................................
. LaTeX info: "xparse/define-command"
. 
. Defining command \DeclareBinaryPrefix with sig. 'mmm' on line 7218.
.................................................
.................................................
. LaTeX info: "xparse/define-command"
. 
. Defining command \DeclareSIPostPower with sig. 'mm' on line 7221.
.................................................
.................................................
. LaTeX info: "xparse/define-command"
. 
. Defining command \DeclareSIPrefix with sig. 'mmm' on line 7224.
.................................................
.................................................
. LaTeX info: "xparse/define-command"
. 
. Defining command \DeclareSIPrePower with sig. 'mm' on line 7227.
.................................................
.................................................
. LaTeX info: "xparse/define-command"
. 
. Defining command \DeclareSIQualifier with sig. 'mm' on line 7230.
.................................................
.................................................
. LaTeX info: "xparse/define-command"
. 
. Defining command \DeclareSIUnit with sig. 'O{}mm' on line 7233.
.................................................
.................................................
. LaTeX info: "xparse/define-command"
. 
. Defining command \DeclareSIUnitWithOptions with sig. 'mmm' on line 7236.
.................................................
.................................................
. LaTeX info: "xparse/define-command"
. 
. Defining command \ang with sig. 'o>{\SplitArgument {2}{;}}m' on line 7251.
.................................................
.................................................
. LaTeX info: "xparse/define-command"
. 
. Defining command \num with sig. 'om' on line 7260.
.................................................
.................................................
. LaTeX info: "xparse/define-command"
. 
. Defining command \numlist with sig. 'o>{\SplitList {;}}m' on line 7269.
.................................................
.................................................
. LaTeX info: "xparse/define-command"
. 
. Defining command \numrange with sig. 'omm' on line 7278.
.................................................
.................................................
. LaTeX info: "xparse/define-command"
. 
. Defining command \SIlist with sig. 'o>{\SplitList {;}}mm' on line 7290.
.................................................
.................................................
. LaTeX info: "xparse/define-command"
. 
. Defining command \SIrange with sig. 'ommm' on line 7302.
.................................................
.................................................
. LaTeX info: "xparse/define-command"
. 
. Defining command \SI with sig. 'omom' on line 7314.
.................................................
.................................................
. LaTeX info: "xparse/define-command"
. 
. Defining command \sisetup with sig. 'm' on line 7317.
.................................................
.................................................
. LaTeX info: "xparse/define-command"
. 
. Defining command \tablenum with sig. 'om' on line 7332.
.................................................
.................................................
. LaTeX info: "xparse/define-command"
. 
. Defining command \si with sig. 'om' on line 7344.
.................................................
.................................................
. LaTeX info: "xparse/define-command"
. 
. Defining command \__siunitx_bookmark_num:w with sig. 'om' on line 7391.
.................................................
.................................................
. LaTeX info: "xparse/define-command"
. 
. Defining command \__siunitx_bookmark_numrange:w with sig. 'omm' on line
. 7393.
.................................................
.................................................
. LaTeX info: "xparse/define-command"
. 
. Defining command \__siunitx_bookmark_SI:w with sig. 'omom' on line 7395.
.................................................
.................................................
. LaTeX info: "xparse/define-command"
. 
. Defining command \__siunitx_bookmark_SIlist:w with sig. 'omm' on line 7397.
.................................................
.................................................
. LaTeX info: "xparse/define-command"
. 
. Defining command \__siunitx_bookmark_SIrange:w with sig. 'ommm' on line
. 7399.
.................................................
.................................................
. LaTeX info: "xparse/define-command"
. 
. Defining command \__siunitx_bookmark_si:w with sig. 'om' on line 7400.
.................................................
\g__file_internal_ior=\read1

(/usr/share/texlive/texmf-dist/tex/latex/beamer/translator/translator.sty
Package: translator 2010/06/12 ver 1.10

(/usr/share/texlive/texmf-dist/tex/latex/beamer/translator/translator-language-
mappings.tex))) (/usr/share/texlive/texmf-dist/tex/latex/pbox/pbox.sty
Package: pbox 2011/12/07 v1.2 Dynamic parboxes

(/usr/share/texlive/texmf-dist/tex/latex/tools/calc.sty
Package: calc 2014/10/28 v4.3 Infix arithmetic (KKT,FJ)
\calc@Acount=\count151
\calc@Bcount=\count152
\calc@Adimen=\dimen167
\calc@Bdimen=\dimen168
\calc@Askip=\skip67
\calc@Bskip=\skip68
LaTeX Info: Redefining \setlength on input line 80.
LaTeX Info: Redefining \addtolength on input line 81.
\calc@Ccount=\count153
\calc@Cskip=\skip69
)
(/usr/share/texlive/texmf-dist/tex/latex/base/ifthen.sty
Package: ifthen 2014/09/29 v1.1c Standard LaTeX ifthen package (DPC)
)
\pb@xlen=\skip70
)
(/usr/share/texlive/texmf-dist/tex/latex/csquotes/csquotes.sty
Package: csquotes 2016/01/31 v5.1g context-sensitive quotations (JAW)

(/usr/share/texlive/texmf-dist/tex/latex/etoolbox/etoolbox.sty
Package: etoolbox 2015/08/02 v2.2a e-TeX tools for LaTeX (JAW)
\etb@tempcnta=\count154
)
\csq@reset=\count155
\csq@gtype=\count156
\csq@glevel=\count157
\csq@qlevel=\count158
\csq@maxlvl=\count159
\csq@tshold=\count160
\csq@ltx@everypar=\toks23

(/usr/share/texlive/texmf-dist/tex/latex/csquotes/csquotes.def
File: csquotes.def 2016/01/31 v5.1g csquotes generic definitions (JAW)
)
Package csquotes Info: Trying to load configuration file 'csquotes.cfg'...
Package csquotes Info: ... configuration file loaded successfully.

(/usr/share/texlive/texmf-dist/tex/latex/csquotes/csquotes.cfg
File: csquotes.cfg 
)
Package csquotes Info: Enabling multilingual quotes.
Package csquotes Info: Redefining alias 'english' -> 'english/american'.
)
(/usr/share/texlive/texmf-dist/tex/latex/booktabs/booktabs.sty
Package: booktabs 2005/04/14 v1.61803 publication quality tables
\heavyrulewidth=\dimen169
\lightrulewidth=\dimen170
\cmidrulewidth=\dimen171
\belowrulesep=\dimen172
\belowbottomsep=\dimen173
\aboverulesep=\dimen174
\abovetopsep=\dimen175
\cmidrulesep=\dimen176
\cmidrulekern=\dimen177
\defaultaddspace=\dimen178
\@cmidla=\count161
\@cmidlb=\count162
\@aboverulesep=\dimen179
\@belowrulesep=\dimen180
\@thisruleclass=\count163
\@lastruleclass=\count164
\@thisrulewidth=\dimen181
)
(/usr/share/texlive/texmf-dist/tex/latex/url/url.sty
\Urlmuskip=\muskip17
Package: url 2013/09/16  ver 3.4  Verb mode for urls, etc.
)
Package csquotes Info: Allocating character ".
Package csquotes Info: Checking for multilingual support...
Package csquotes Info: ... none found.


Package csquotes Warning: No multilingual support.
(csquotes)                Cannot enable multilingual quotes on input line 56.

(./pfbn.aux)
\openout1 = `pfbn.aux'.

LaTeX Font Info:    Checking defaults for OML/cmm/m/it on input line 56.
LaTeX Font Info:    ... okay on input line 56.
LaTeX Font Info:    Checking defaults for T1/cmr/m/n on input line 56.
LaTeX Font Info:    ... okay on input line 56.
LaTeX Font Info:    Checking defaults for OT1/cmr/m/n on input line 56.
LaTeX Font Info:    ... okay on input line 56.
LaTeX Font Info:    Checking defaults for OMS/cmsy/m/n on input line 56.
LaTeX Font Info:    ... okay on input line 56.
LaTeX Font Info:    Checking defaults for OMX/cmex/m/n on input line 56.
LaTeX Font Info:    ... okay on input line 56.
LaTeX Font Info:    Checking defaults for U/cmr/m/n on input line 56.
LaTeX Font Info:    ... okay on input line 56.
\c@maskedRefs=\count165
 (/usr/share/texlive/texmf-dist/tex/latex/apacite/english.apc
File: english.apc 2013/07/21 v6.03 apacite language file
LaTeX Info: Redefining \BPBI on input line 129.
LaTeX Info: Redefining \BHBI on input line 130.
)
(/usr/share/texlive/texmf-dist/tex/context/base/supp-pdf.mkii
[Loading MPS to PDF converter (version 2006.09.02).]
\scratchcounter=\count166
\scratchdimen=\dimen182
\scratchbox=\box52
\nofMPsegments=\count167
\nofMParguments=\count168
\everyMPshowfont=\toks24
\MPscratchCnt=\count169
\MPscratchDim=\dimen183
\MPnumerator=\count170
\makeMPintoPDFobject=\count171
\everyMPtoPDFconversion=\toks25
) (/usr/share/texlive/texmf-dist/tex/generic/oberdiek/pdftexcmds.sty
Package: pdftexcmds 2011/11/29 v0.20 Utility functions of pdfTeX for LuaTeX (HO
)

(/usr/share/texlive/texmf-dist/tex/generic/oberdiek/ifluatex.sty
Package: ifluatex 2010/03/01 v1.3 Provides the ifluatex switch (HO)
Package ifluatex Info: LuaTeX not detected.
)
(/usr/share/texlive/texmf-dist/tex/generic/oberdiek/ifpdf.sty
Package: ifpdf 2011/01/30 v2.3 Provides the ifpdf switch (HO)
Package ifpdf Info: pdfTeX in PDF mode is detected.
)
Package pdftexcmds Info: LuaTeX not detected.
Package pdftexcmds Info: \pdf@primitive is available.
Package pdftexcmds Info: \pdf@ifprimitive is available.
Package pdftexcmds Info: \pdfdraftmode found.
)
(/usr/share/texlive/texmf-dist/tex/latex/oberdiek/epstopdf-base.sty
Package: epstopdf-base 2010/02/09 v2.5 Base part for package epstopdf

(/usr/share/texlive/texmf-dist/tex/latex/oberdiek/grfext.sty
Package: grfext 2010/08/19 v1.1 Manage graphics extensions (HO)

(/usr/share/texlive/texmf-dist/tex/generic/oberdiek/kvdefinekeys.sty
Package: kvdefinekeys 2011/04/07 v1.3 Define keys (HO)
))
(/usr/share/texlive/texmf-dist/tex/latex/oberdiek/kvoptions.sty
Package: kvoptions 2011/06/30 v3.11 Key value format for package options (HO)

(/usr/share/texlive/texmf-dist/tex/generic/oberdiek/kvsetkeys.sty
Package: kvsetkeys 2012/04/25 v1.16 Key value parser (HO)

(/usr/share/texlive/texmf-dist/tex/generic/oberdiek/etexcmds.sty
Package: etexcmds 2011/02/16 v1.5 Avoid name clashes with e-TeX commands (HO)
Package etexcmds Info: Could not find \expanded.
(etexcmds)             That can mean that you are not using pdfTeX 1.50 or
(etexcmds)             that some package has redefined \expanded.
(etexcmds)             In the latter case, load this package earlier.
)))
Package grfext Info: Graphics extension search list:
(grfext)             [.png,.pdf,.jpg,.mps,.jpeg,.jbig2,.jb2,.PNG,.PDF,.JPG,.JPE
G,.JBIG2,.JB2,.eps]
(grfext)             \AppendGraphicsExtensions on input line 452.

(/usr/share/texlive/texmf-dist/tex/latex/latexconfig/epstopdf-sys.cfg
File: epstopdf-sys.cfg 2010/07/13 v1.3 Configuration of (r)epstopdf for TeX Liv
e
))
Package caption Info: Begin \AtBeginDocument code.
Package caption Info: End \AtBeginDocument code.

(/usr/share/texlive/texmf-dist/tex/latex/beamer/translator/dicts/translator-bas
ic-dictionary/translator-basic-dictionary-English.dict
Dictionary: translator-basic-dictionary, Language: English 
)
(/usr/share/texlive/texmf-dist/tex/latex/siunitx/siunitx-abbreviations.cfg
File: siunitx-abbreviations.cfg 2016/03/01 v2.6q siunitx: Abbreviated units
)
Package csquotes Info: Making character " active on input line 56.
\c__siunitx_mathsf_int=\count172
LaTeX Font Info:    Try loading font information for U+rsfs on input line 56.

(/usr/share/texlive/texmf-dist/tex/latex/jknapltx/ursfs.fd
File: ursfs.fd 1998/03/24 rsfs font definition file (jk)
)
\c__siunitx_mathtt_int=\count173
 [1

{/var/lib/texmf/fonts/map/pdftex/updmap/pdftex.map}] (./pfbn.toc)
\tf@toc=\write3
\openout3 = `pfbn.toc'.

 [2] (./pfbn.lof [3])
\tf@lof=\write4
\openout4 = `pfbn.lof'.

 [4]

LaTeX Warning: No positions in optional float specifier.
               Default added (so using `tbp') on input line 85.

<fig/oortcloud.jpg, id=20, 5452.37pt x 3036.34375pt>
File: fig/oortcloud.jpg Graphic file (type jpg)
 <use fig/oortcloud.jpg>
Package pdftex.def Info: fig/oortcloud.jpg used on input line 87.
(pdftex.def)             Requested size: 345.59769pt x 192.50336pt.

Overfull \hbox (0.59769pt too wide) in paragraph at lines 87--88
 [][] 
 []

[5] [6 <./fig/oortcloud.jpg>]

LaTeX Warning: No positions in optional float specifier.
               Default added (so using `tbp') on input line 116.

<fig/SCoRE.png, id=27, 835.12pt x 400.49625pt>
File: fig/SCoRE.png Graphic file (type png)
 <use fig/SCoRE.png>
Package pdftex.def Info: fig/SCoRE.png used on input line 118.
(pdftex.def)             Requested size: 401.41373pt x 192.50336pt.

Overfull \hbox (56.41373pt too wide) in paragraph at lines 118--119
 [][] 
 []

[7] [8 <./fig/SCoRE.png>]

LaTeX Warning: No positions in optional float specifier.
               Default added (so using `tbp') on input line 132.

<fig/appP.png, id=37, 464.73625pt x 452.69125pt>
File: fig/appP.png Graphic file (type png)
 <use fig/appP.png>
Package pdftex.def Info: fig/appP.png used on input line 134.
(pdftex.def)             Requested size: 254.08109pt x 247.49832pt.
 [9 <./fig/appP.png (PNG copy)>]

LaTeX Warning: No positions in optional float specifier.
               Default added (so using `tbp') on input line 142.

<fig/appQ.png, id=41, 510.90875pt x 174.6525pt>
File: fig/appQ.png Graphic file (type png)
 <use fig/appQ.png>
Package pdftex.def Info: fig/appQ.png used on input line 144.
(pdftex.def)             Requested size: 241.3277pt x 82.49664pt.
 [10 <./fig/appQ.png (PNG copy)>]

LaTeX Warning: No positions in optional float specifier.
               Default added (so using `tbp') on input line 156.

<fig/appR1.png, id=46, 528.97626pt x 370.38374pt>
File: fig/appR1.png Graphic file (type png)
 <use fig/appR1.png>
Package pdftex.def Info: fig/appR1.png used on input line 158.
(pdftex.def)             Requested size: 353.47595pt x 247.49832pt.

Overfull \hbox (8.47595pt too wide) in paragraph at lines 158--159
 [][] 
 []


LaTeX Warning: No positions in optional float specifier.
               Default added (so using `tbp') on input line 164.

<fig/appR2.png, id=47, 540.0175pt x 271.0125pt>
File: fig/appR2.png Graphic file (type png)
 <use fig/appR2.png>
Package pdftex.def Info: fig/appR2.png used on input line 166.
(pdftex.def)             Requested size: 383.59637pt x 192.50336pt.

Overfull \hbox (38.59637pt too wide) in paragraph at lines 166--167
 [][] 
 []

[11 <./fig/appR1.png (PNG copy)>] [12 <./fig/appR2.png (PNG copy)>]

LaTeX Warning: No positions in optional float specifier.
               Default added (so using `tbp') on input line 184.

<fig/appM.png, id=56, 799.98875pt x 485.815pt>
File: fig/appM.png Graphic file (type png)
 <use fig/appM.png>
Package pdftex.def Info: fig/appM.png used on input line 186.
(pdftex.def)             Requested size: 407.54942pt x 247.49832pt.

Overfull \hbox (62.54942pt too wide) in paragraph at lines 186--187
 [][] 
 []


LaTeX Warning: No positions in optional float specifier.
               Default added (so using `tbp') on input line 191.

<fig/appN.png, id=57, 621.32124pt x 345.29pt>
File: fig/appN.png Graphic file (type png)
 <use fig/appN.png>
Package pdftex.def Info: fig/appN.png used on input line 193.
(pdftex.def)             Requested size: 346.40167pt x 192.50336pt.

Overfull \hbox (1.40167pt too wide) in paragraph at lines 193--194
 [][] 
 []

[13] [14 <./fig/appM.png (PNG copy)> <./fig/appN.png>]

LaTeX Warning: No positions in optional float specifier.
               Default added (so using `tbp') on input line 201.


Overfull \hbox (34.41725pt too wide) in paragraph at lines 205--218
 [][] 
 []

[15] [16] [17]

LaTeX Warning: No positions in optional float specifier.
               Default added (so using `tbp') on input line 256.

<fig/img1.png, id=75, 587.19376pt x 425.59pt>
File: fig/img1.png Graphic file (type png)
 <use fig/img1.png>
Package pdftex.def Info: fig/img1.png used on input line 258.
(pdftex.def)             Requested size: 265.6056pt x 192.50336pt.
 [18] [19 <./fig/img1.png (PNG copy)>]

LaTeX Warning: No positions in optional float specifier.
               Default added (so using `tbp') on input line 265.

<fig/appA.png, id=84, 757.83125pt x 373.395pt>
File: fig/appA.png Graphic file (type png)
 <use fig/appA.png>
Package pdftex.def Info: fig/appA.png used on input line 267.
(pdftex.def)             Requested size: 390.69797pt x 192.50336pt.

Overfull \hbox (45.69797pt too wide) in paragraph at lines 267--268
 [][] 
 []


LaTeX Warning: No positions in optional float specifier.
               Default added (so using `tbp') on input line 272.

<fig/appB.png, id=85, 524.96124pt x 515.9275pt>
File: fig/appB.png Graphic file (type png)
 <use fig/appB.png>
Package pdftex.def Info: fig/appB.png used on input line 274.
(pdftex.def)             Requested size: 251.82634pt x 247.49832pt.
 [20 <./fig/appA.png (PNG copy)>] [21 <./fig/appB.png (PNG copy)>] [22]

LaTeX Warning: No positions in optional float specifier.
               Default added (so using `tbp') on input line 286.

<fig/appC.png, id=95, 803.0pt x 642.4pt>
File: fig/appC.png Graphic file (type png)
 <use fig/appC.png>
Package pdftex.def Info: fig/appC.png used on input line 288.
(pdftex.def)             Requested size: 309.37038pt x 247.49832pt.


LaTeX Warning: No positions in optional float specifier.
               Default added (so using `tbp') on input line 294.

<fig/appD.png, id=96, 595.22375pt x 416.55624pt>
File: fig/appD.png Graphic file (type png)
 <use fig/appD.png>
Package pdftex.def Info: fig/appD.png used on input line 296.
(pdftex.def)             Requested size: 353.65846pt x 247.49832pt.

Overfull \hbox (8.65846pt too wide) in paragraph at lines 296--297
 [][] 
 []

[23 <./fig/appC.png>] [24 <./fig/appD.png>]

LaTeX Warning: No positions in optional float specifier.
               Default added (so using `tbp') on input line 309.

<fig/appE.png, id=103, 469.755pt x 477.785pt>
File: fig/appE.png Graphic file (type png)
 <use fig/appE.png>
Package pdftex.def Info: fig/appE.png used on input line 311.
(pdftex.def)             Requested size: 243.33502pt x 247.49832pt.


LaTeX Warning: No positions in optional float specifier.
               Default added (so using `tbp') on input line 317.

<fig/appF.png, id=104, 323.2075pt x 352.31625pt>
File: fig/appF.png Graphic file (type png)
 <use fig/appF.png>
Package pdftex.def Info: fig/appF.png used on input line 319.
(pdftex.def)             Requested size: 227.04758pt x 247.49832pt.


LaTeX Warning: No positions in optional float specifier.
               Default added (so using `tbp') on input line 324.

<fig/appG.png, id=105, 666.49pt x 421.575pt>
File: fig/appG.png Graphic file (type png)
 <use fig/appG.png>
Package pdftex.def Info: fig/appG.png used on input line 326.
(pdftex.def)             Requested size: 391.29343pt x 247.49832pt.

Overfull \hbox (46.29343pt too wide) in paragraph at lines 326--327
 [][] 
 []


LaTeX Warning: No positions in optional float specifier.
               Default added (so using `tbp') on input line 331.

<fig/appH.png, id=106, 528.97626pt x 735.74875pt>
File: fig/appH.png Graphic file (type png)
 <use fig/appH.png>
Package pdftex.def Info: fig/appH.png used on input line 333.
(pdftex.def)             Requested size: 177.94466pt x 247.49832pt.


LaTeX Warning: No positions in optional float specifier.
               Default added (so using `tbp') on input line 338.

<fig/appI.png, id=107, 594.22pt x 333.245pt>
File: fig/appI.png Graphic file (type png)
 <use fig/appI.png>
Package pdftex.def Info: fig/appI.png used on input line 340.
(pdftex.def)             Requested size: 441.32985pt x 247.49832pt.

Overfull \hbox (96.32985pt too wide) in paragraph at lines 340--341
 [][] 
 []

[25] [26 <./fig/appE.png (PNG copy)>] [27 <./fig/appF.png (PNG copy)>] [28 <./f
ig/appG.png (PNG copy)>] [29 <./fig/appH.png (PNG copy)>] [30 <./fig/appI.png (
PNG copy)>] [31]

LaTeX Warning: No positions in optional float specifier.
               Default added (so using `tbp') on input line 364.

<fig/appV.png, id=131, 2509.375pt x 1841.88126pt>
File: fig/appV.png Graphic file (type png)
 <use fig/appV.png>
Package pdftex.def Info: fig/appV.png used on input line 366.
(pdftex.def)             Requested size: 337.18112pt x 247.49832pt.


LaTeX Warning: No positions in optional float specifier.
               Default added (so using `tbp') on input line 373.

<fig/appX.png, id=132, 2509.375pt x 1483.5425pt>
File: fig/appX.png Graphic file (type png)
 <use fig/appX.png>
Package pdftex.def Info: fig/appX.png used on input line 375.
(pdftex.def)             Requested size: 418.62381pt x 247.49832pt.

Overfull \hbox (73.62381pt too wide) in paragraph at lines 375--376
 [][] 
 []


LaTeX Warning: No positions in optional float specifier.
               Default added (so using `tbp') on input line 382.

<fig/appJ.png, id=133, 963.6pt x 688.5725pt>
File: fig/appJ.png Graphic file (type png)
 <use fig/appJ.png>
Package pdftex.def Info: fig/appJ.png used on input line 384.
(pdftex.def)             Requested size: 346.35172pt x 247.49832pt.

Overfull \hbox (1.35172pt too wide) in paragraph at lines 384--385
 [][] 
 []

[32] [33 <./fig/appV.png>] [34 <./fig/appX.png>] [35 <./fig/appJ.png (PNG copy)
>] [36] [37] [38]
Overfull \hbox (27.74031pt too wide) in paragraph at lines 411--412
\OT1/cmr/m/n/10 nium []Finseth, 1991). A Be re-flec-tor was used along with 12 
Be con-trol drums []Finseth,
 []

[39] [40] [41] [42]

LaTeX Warning: No positions in optional float specifier.
               Default added (so using `tbp') on input line 447.

<fig/appS.png, id=168, 825.0825pt x 502.87875pt>
File: fig/appS.png Graphic file (type png)
 <use fig/appS.png>
Package pdftex.def Info: fig/appS.png used on input line 449.
(pdftex.def)             Requested size: 406.06912pt x 247.49832pt.

Overfull \hbox (61.06912pt too wide) in paragraph at lines 449--450
 [][] 
 []

[43 <./fig/appS.png (PNG copy)>]

LaTeX Warning: No positions in optional float specifier.
               Default added (so using `tbp') on input line 463.

<fig/appT.png, id=173, 728.7225pt x 845.1575pt>
File: fig/appT.png Graphic file (type png)
 <use fig/appT.png>
Package pdftex.def Info: fig/appT.png used on input line 465.
(pdftex.def)             Requested size: 403.10033pt x 467.50336pt.

Overfull \hbox (58.10033pt too wide) in paragraph at lines 465--466
 [][] 
 []


LaTeX Warning: No positions in optional float specifier.
               Default added (so using `tbp') on input line 470.

<fig/appU.png, id=174, 693.59125pt x 597.23125pt>
File: fig/appU.png Graphic file (type png)
 <use fig/appU.png>
Package pdftex.def Info: fig/appU.png used on input line 472.
(pdftex.def)             Requested size: 287.43283pt x 247.49832pt.
 [44]
[45 <./fig/appT.png (PNG copy)>] [46 <./fig/appU.png (PNG copy)>] [47]

LaTeX Warning: No positions in optional float specifier.
               Default added (so using `tbp') on input line 498.

<fig/appAA.png, id=191, 2509.375pt x 1411.2725pt>
File: fig/appAA.png Graphic file (type png)
 <use fig/appAA.png>
Package pdftex.def Info: fig/appAA.png used on input line 500.
(pdftex.def)             Requested size: 440.06616pt x 247.49832pt.

Overfull \hbox (95.06616pt too wide) in paragraph at lines 500--501
 [][] 
 []

Missing character: There is no ‚ in font cmr10!
Missing character: There is no Ä in font cmr10!
Missing character: There is no ú in font cmr10!
Missing character: There is no ‚ in font cmr10!
Missing character: There is no Ä in font cmr10!
Missing character: There is no ù in font cmr10!
[48] [49 <./fig/appAA.png>] [50] [51]
<fig/appW.png, id=206, 2509.375pt x 1778.645pt>
File: fig/appW.png Graphic file (type png)
 <use fig/appW.png>
Package pdftex.def Info: fig/appW.png used on input line 524.
(pdftex.def)             Requested size: 349.16588pt x 247.49832pt.

Overfull \hbox (4.16588pt too wide) in paragraph at lines 524--525
 [][] 
 []

<fig/appY.png, id=207, 2509.375pt x 1821.80624pt>
File: fig/appY.png Graphic file (type png)
 <use fig/appY.png>
Package pdftex.def Info: fig/appY.png used on input line 532.
(pdftex.def)             Requested size: 340.89525pt x 247.49832pt.

Underfull \hbox (badness 2020) in paragraph at lines 533--533
[]\OT1/cmr/m/n/10 Figure 27: |Char-ac-ter-is-tics for 337 kN (75,000 lbf) NERVA
 type en-
 []

[52 <./fig/appW.png>] <fig/appZ.png, id=212, 1570.86874pt x 2509.375pt>
File: fig/appZ.png Graphic file (type png)

<use fig/appZ.png>
Package pdftex.def Info: fig/appZ.png used on input line 540.
(pdftex.def)             Requested size: 154.91486pt x 247.49832pt.
 [53 <./fig/appY.png>] [54 <./fig/appZ.png>]

LaTeX Warning: No positions in optional float specifier.
               Default added (so using `tbp') on input line 560.

<fig/table1.png, id=219, 2543.5025pt x 787.94376pt>
File: fig/table1.png Graphic file (type png)
 <use fig/table1.png>
Package pdftex.def Info: fig/table1.png used on input line 562.
(pdftex.def)             Requested size: 355.07884pt x 109.99832pt.

Overfull \hbox (10.07884pt too wide) in paragraph at lines 562--563
 [][] 
 []


LaTeX Warning: No positions in optional float specifier.
               Default added (so using `tbp') on input line 567.

<fig/table2.png, id=220, 1433.355pt x 1489.565pt>
File: fig/table2.png Graphic file (type png)
 <use fig/table2.png>
Package pdftex.def Info: fig/table2.png used on input line 569.
(pdftex.def)             Requested size: 291.08391pt x 302.50168pt.


LaTeX Warning: No positions in optional float specifier.
               Default added (so using `tbp') on input line 574.

<fig/table3.png, id=221, 1764.5925pt x 1885.0425pt>
File: fig/table3.png Graphic file (type png)
 <use fig/table3.png>
Package pdftex.def Info: fig/table3.png used on input line 576.
(pdftex.def)             Requested size: 283.14833pt x 302.50168pt.


LaTeX Warning: No positions in optional float specifier.
               Default added (so using `tbp') on input line 581.

<fig/table3bis.png, id=222, 1432.35126pt x 1170.3725pt>
File: fig/table3bis.png Graphic file (type png)

<use fig/table3bis.png>
Package pdftex.def Info: fig/table3bis.png used on input line 583.
(pdftex.def)             Requested size: 235.58466pt x 192.50336pt.
 [55] [56 <./fig/table1.png> <./fig/table2.png>]
[57 <./fig/table3.png>]

LaTeX Warning: No positions in optional float specifier.
               Default added (so using `tbp') on input line 606.

<fig/table4.png, id=233, 1435.3625pt x 681.54625pt>
File: fig/table4.png Graphic file (type png)
 <use fig/table4.png>
Package pdftex.def Info: fig/table4.png used on input line 608.
(pdftex.def)             Requested size: 405.42496pt x 192.50336pt.

Overfull \hbox (60.42496pt too wide) in paragraph at lines 608--609
 [][] 
 []

[58 <./fig/table3bis.png>]

LaTeX Warning: No positions in optional float specifier.
               Default added (so using `tbp') on input line 622.

<fig/table5.png, id=237, 1435.3625pt x 695.59875pt>
File: fig/table5.png Graphic file (type png)
 <use fig/table5.png>
Package pdftex.def Info: fig/table5.png used on input line 624.
(pdftex.def)             Requested size: 397.21176pt x 192.50336pt.

Overfull \hbox (52.21176pt too wide) in paragraph at lines 624--625
 [][] 
 []

[59 <./fig/table4.png>]

LaTeX Warning: No positions in optional float specifier.
               Default added (so using `tbp') on input line 637.

<fig/figure1.png, id=241, 1048.91875pt x 1019.81pt>
File: fig/figure1.png Graphic file (type png)
 <use fig/figure1.png>
Package pdftex.def Info: fig/figure1.png used on input line 639.
(pdftex.def)             Requested size: 254.56255pt x 247.49832pt.

[60 <./fig/table5.png>] [61 <./fig/figure1.png>]

LaTeX Warning: No positions in optional float specifier.
               Default added (so using `tbp') on input line 647.

<fig/figure2.png, id=249, 1433.355pt x 1519.6775pt>
File: fig/figure2.png Graphic file (type png)
 <use fig/figure2.png>
Package pdftex.def Info: fig/figure2.png used on input line 649.
(pdftex.def)             Requested size: 233.4314pt x 247.49832pt.

[62 <./fig/figure2.png>]

LaTeX Warning: No positions in optional float specifier.
               Default added (so using `tbp') on input line 660.

<fig/table6.png, id=253, 1275.76625pt x 724.7075pt>
File: fig/table6.png Graphic file (type png)
 <use fig/table6.png>
Package pdftex.def Info: fig/table6.png used on input line 662.
(pdftex.def)             Requested size: 435.68199pt x 247.49832pt.

Overfull \hbox (90.68199pt too wide) in paragraph at lines 662--663
 [][] 
 []

[63 <./fig/table6.png>]

LaTeX Warning: No positions in optional float specifier.
               Default added (so using `tbp') on input line 672.

<fig/figure3.png, id=257, 1167.36125pt x 1324.95pt>
File: fig/figure3.png Graphic file (type png)
 <use fig/figure3.png>
Package pdftex.def Info: fig/figure3.png used on input line 674.
(pdftex.def)             Requested size: 218.06032pt x 247.49832pt.


LaTeX Warning: No positions in optional float specifier.
               Default added (so using `tbp') on input line 682.

<fig/table7.png, id=258, 1375.1375pt x 846.16125pt>
File: fig/table7.png Graphic file (type png)
 <use fig/table7.png>
Package pdftex.def Info: fig/table7.png used on input line 684.
(pdftex.def)             Requested size: 402.22086pt x 247.49832pt.

Overfull \hbox (57.22086pt too wide) in paragraph at lines 684--685
 [][] 
 []

[64 <./fig/figure3.png>] [65 <./fig/table7.png>]

LaTeX Warning: No positions in optional float specifier.
               Default added (so using `tbp') on input line 696.

<fig/figure4.png, id=265, 1816.7875pt x 1453.43pt>
File: fig/figure4.png Graphic file (type png)
 <use fig/figure4.png>
Package pdftex.def Info: fig/figure4.png used on input line 698.
(pdftex.def)             Requested size: 309.34879pt x 247.49832pt.

[66 <./fig/figure4.png>] [67] [68] (./pfbn.bbl [69

]
Missing character: There is no ‚ in font cmr10!
Missing character: There is no Ä in font cmr10!
Missing character: There is no î in font cmr10!
 [70] [71]
Underfull \hbox (badness 2961) in paragraph at lines 1054--1063
\OT1/cmtt/m/n/10 courses / 3927 / files / folder / Lectures [] ?preview = 23601
01111$\OT1/cmr/m/n/10 .  (Ac-
 []

[72] [73] [74]
Underfull \hbox (badness 2189) in paragraph at lines 1708--1717
[]\OT1/cmr/m/it/10 Rover/NERVA-Derived Near-Term Nu-clear Propul-sion - FY92.  
\OT1/cmr/m/n/10 (n.d.[]).
 []


Underfull \hbox (badness 10000) in paragraph at lines 1708--1717
\OT1/cmtt/m/n/10 http :// www [] .alternatewars [] .com / BBOW / Space [] []Eng
ines / 1992 [] []NERVA []
 []

[75]) [76] (./pfbn.aux) ) 
Here is how much of TeX's memory you used:
 15005 strings out of 493029
 295467 string characters out of 6136234
 416634 words of memory out of 5000000
 18351 multiletter control sequences out of 15000+600000
 14088 words of font info for 55 fonts, out of 8000000 for 9000
 1145 hyphenation exceptions out of 8191
 42i,8n,44p,10372b,527s stack positions out of 5000i,500n,10000p,200000b,80000s
</usr/share/texlive/texmf-dist/fonts/type1/public/amsf
onts/cm/cmbx10.pfb></usr/share/texlive/texmf-dist/fonts/type1/public/amsfonts/c
m/cmbx12.pfb></usr/share/texlive/texmf-dist/fonts/type1/public/amsfonts/cm/cmcs
c10.pfb></usr/share/texlive/texmf-dist/fonts/type1/public/amsfonts/cm/cmex10.pf
b></usr/share/texlive/texmf-dist/fonts/type1/public/amsfonts/cm/cmmi10.pfb></us
r/share/texlive/texmf-dist/fonts/type1/public/amsfonts/cm/cmmi7.pfb></usr/share
/texlive/texmf-dist/fonts/type1/public/amsfonts/cm/cmr10.pfb></usr/share/texliv
e/texmf-dist/fonts/type1/public/amsfonts/cm/cmr12.pfb></usr/share/texlive/texmf
-dist/fonts/type1/public/amsfonts/cm/cmr5.pfb></usr/share/texlive/texmf-dist/fo
nts/type1/public/amsfonts/cm/cmr7.pfb></usr/share/texlive/texmf-dist/fonts/type
1/public/amsfonts/cm/cmsy10.pfb></usr/share/texlive/texmf-dist/fonts/type1/publ
ic/amsfonts/cm/cmsy7.pfb></usr/share/texlive/texmf-dist/fonts/type1/public/amsf
onts/cm/cmti10.pfb></usr/share/texlive/texmf-dist/fonts/type1/public/amsfonts/c
m/cmtt10.pfb>
Output written on pfbn.pdf (76 pages, 14897176 bytes).
PDF statistics:
 351 PDF objects out of 1000 (max. 8388607)
 213 compressed objects within 3 object streams
 0 named destinations out of 1000 (max. 500000)
 201 words of extra memory for PDF output out of 10000 (max. 10000000)

