\BOOKMARK [0][-]{section*.3}{List of Tables}{}% 1
\BOOKMARK [0][-]{section*.4}{List of Figures}{}% 2
\BOOKMARK [0][-]{section*.5}{List of Acronyms}{}% 3
\BOOKMARK [0][-]{chapter.1}{Introduction}{}% 4
\BOOKMARK [1][-]{section.1.1}{A brief design introduction}{chapter.1}% 5
\BOOKMARK [1][-]{section.1.2}{A bit of history}{chapter.1}% 6
\BOOKMARK [2][-]{subsection.1.2.1}{A focus on SUPERPHENIX}{section.1.2}% 7
\BOOKMARK [2][-]{subsection.1.2.2}{International feedback}{section.1.2}% 8
\BOOKMARK [0][-]{chapter.2}{Case study}{}% 9
\BOOKMARK [1][-]{section.2.1}{astrid}{chapter.2}% 10
\BOOKMARK [1][-]{section.2.2}{Case study}{chapter.2}% 11
\BOOKMARK [2][-]{subsection.2.2.1}{Generic}{section.2.2}% 12
\BOOKMARK [2][-]{subsection.2.2.2}{Reactor core}{section.2.2}% 13
\BOOKMARK [2][-]{subsection.2.2.3}{Reactor structure}{section.2.2}% 14
\BOOKMARK [2][-]{subsection.2.2.4}{Primary circuit components}{section.2.2}% 15
\BOOKMARK [2][-]{subsection.2.2.5}{Secondary circuit components}{section.2.2}% 16
\BOOKMARK [2][-]{subsection.2.2.6}{Tertiary circuit components}{section.2.2}% 17
\BOOKMARK [0][-]{chapter.3}{Risk analysis takeaway}{}% 18
\BOOKMARK [1][-]{section.3.1}{Decision making}{chapter.3}% 19
\BOOKMARK [1][-]{section.3.2}{The case of ASTRID}{chapter.3}% 20
\BOOKMARK [2][-]{subsection.3.2.1}{FMEA}{section.3.2}% 21
\BOOKMARK [2][-]{subsection.3.2.2}{PRA}{section.3.2}% 22
\BOOKMARK [2][-]{subsection.3.2.3}{FFDM}{section.3.2}% 23
\BOOKMARK [2][-]{subsection.3.2.4}{FFIP}{section.3.2}% 24
\BOOKMARK [2][-]{subsection.3.2.5}{UFFSR}{section.3.2}% 25
\BOOKMARK [2][-]{subsection.3.2.6}{HRA and Prognostics in Early Design}{section.3.2}% 26
\BOOKMARK [2][-]{subsection.3.2.7}{CRFFA}{section.3.2}% 27
\BOOKMARK [0][-]{chapter.4}{Identification of potential system failures}{}% 28
\BOOKMARK [1][-]{section.4.1}{Primary circuit components failure}{chapter.4}% 29
\BOOKMARK [1][-]{section.4.2}{Secondary circuit components failure}{chapter.4}% 30
\BOOKMARK [1][-]{section.4.3}{Tertiary circuit components failure}{chapter.4}% 31
\BOOKMARK [1][-]{section.4.4}{Reactor structure components failure}{chapter.4}% 32
\BOOKMARK [1][-]{section.4.5}{Aggressions}{chapter.4}% 33
\BOOKMARK [0][-]{chapter.5}{High-level failure identification}{}% 34
\BOOKMARK [1][-]{section.5.1}{Reliability Block Diagram}{chapter.5}% 35
\BOOKMARK [1][-]{section.5.2}{Failure Modes and Effects Analysis}{chapter.5}% 36
\BOOKMARK [0][-]{chapter.6}{Probabilistic Risk Assessment}{}% 37
\BOOKMARK [1][-]{section.6.1}{PRA model}{chapter.6}% 38
\BOOKMARK [1][-]{section.6.2}{PRA model applied to the case study}{chapter.6}% 39
\BOOKMARK [0][-]{chapter.7}{Functional analyses}{}% 40
\BOOKMARK [1][-]{section.7.1}{Functional model}{chapter.7}% 41
\BOOKMARK [1][-]{section.7.2}{Function Failure Design Method}{chapter.7}% 42
\BOOKMARK [1][-]{section.7.3}{Function Failure Identification and Propagation}{chapter.7}% 43
\BOOKMARK [1][-]{section.7.4}{Uncoupled Flow Failure State Reasoning}{chapter.7}% 44
\BOOKMARK [1][-]{section.7.5}{Prognostics in Early Functional Design}{chapter.7}% 45
\BOOKMARK [2][-]{subsection.7.5.1}{Methodology}{section.7.5}% 46
\BOOKMARK [2][-]{subsection.7.5.2}{Application to the case study}{section.7.5}% 47
\BOOKMARK [1][-]{section.7.6}{Cable and Pipe Routing}{chapter.7}% 48
\BOOKMARK [0][-]{chapter.8}{Design loops consideration in the Prognostics in Early Design method}{}% 49
\BOOKMARK [1][-]{section.8.1}{Introduction}{chapter.8}% 50
\BOOKMARK [1][-]{section.8.2}{Background}{chapter.8}% 51
\BOOKMARK [2][-]{subsection.8.2.1}{Prognostics and Health Management}{section.8.2}% 52
\BOOKMARK [2][-]{subsection.8.2.2}{Bayesian network}{section.8.2}% 53
\BOOKMARK [2][-]{subsection.8.2.3}{Functional model}{section.8.2}% 54
\BOOKMARK [2][-]{subsection.8.2.4}{PHM in risk and reliability analyses}{section.8.2}% 55
\BOOKMARK [1][-]{section.8.3}{Methodology}{chapter.8}% 56
\BOOKMARK [2][-]{subsection.8.3.1}{Functional model}{section.8.3}% 57
\BOOKMARK [2][-]{subsection.8.3.2}{Path computing}{section.8.3}% 58
\BOOKMARK [2][-]{subsection.8.3.3}{Prognostics in Early Design Solver}{section.8.3}% 59
\BOOKMARK [1][-]{section.8.4}{Case study}{chapter.8}% 60
\BOOKMARK [2][-]{subsection.8.4.1}{Logical functional model}{section.8.4}% 61
\BOOKMARK [2][-]{subsection.8.4.2}{Path computing}{section.8.4}% 62
\BOOKMARK [2][-]{subsection.8.4.3}{PEFD}{section.8.4}% 63
\BOOKMARK [2][-]{subsection.8.4.4}{Results interpretation}{section.8.4}% 64
\BOOKMARK [1][-]{section.8.5}{Conclusions and future work}{chapter.8}% 65
\BOOKMARK [0][-]{appendix.A}{Reliability Block Diagram}{}% 66
\BOOKMARK [1][-]{section.A.1}{Global system}{appendix.A}% 67
\BOOKMARK [1][-]{section.A.2}{Primary system}{appendix.A}% 68
\BOOKMARK [2][-]{subsection.A.2.1}{Primary system redundancies}{section.A.2}% 69
\BOOKMARK [1][-]{section.A.3}{Secondary system}{appendix.A}% 70
\BOOKMARK [2][-]{subsection.A.3.1}{Secondary system redundancies}{section.A.3}% 71
\BOOKMARK [1][-]{section.A.4}{Tertiary system}{appendix.A}% 72
\BOOKMARK [2][-]{subsection.A.4.1}{Tertiary system redundancies}{section.A.4}% 73
\BOOKMARK [0][-]{appendix.B}{Failure Modes and Effects Analysis}{}% 74
\BOOKMARK [0][-]{appendix.C}{Probabilistic Risk Assessments}{}% 75
\BOOKMARK [0][-]{appendix.D}{Function Failure Identification and Propagation}{}% 76
\BOOKMARK [0][-]{appendix.E}{Uncoupled Flow Failure State Reasoning}{}% 77
\BOOKMARK [0][-]{section*.8}{Bibliography}{}% 78
