\BOOKMARK [0][-]{chapter.1}{In-Core Fuel Management}{}% 1
\BOOKMARK [1][-]{section.1.1}{Problem 6-1}{chapter.1}% 2
\BOOKMARK [2][-]{subsection.1.1.1}{Problem}{section.1.1}% 3
\BOOKMARK [2][-]{subsection.1.1.2}{Solution}{section.1.1}% 4
\BOOKMARK [1][-]{section.1.2}{Problem 6-2}{chapter.1}% 5
\BOOKMARK [2][-]{subsection.1.2.1}{Problem}{section.1.2}% 6
\BOOKMARK [2][-]{subsection.1.2.2}{Solution}{section.1.2}% 7
\BOOKMARK [1][-]{section.1.3}{Problem 6-3}{chapter.1}% 8
\BOOKMARK [2][-]{subsection.1.3.1}{Problem}{section.1.3}% 9
\BOOKMARK [2][-]{subsection.1.3.2}{Solution}{section.1.3}% 10
\BOOKMARK [1][-]{section.1.4}{Problem 6-4}{chapter.1}% 11
\BOOKMARK [2][-]{subsection.1.4.1}{Problem}{section.1.4}% 12
\BOOKMARK [2][-]{subsection.1.4.2}{Solution}{section.1.4}% 13
\BOOKMARK [1][-]{section.1.5}{Problem 6-5}{chapter.1}% 14
\BOOKMARK [2][-]{subsection.1.5.1}{Problem}{section.1.5}% 15
\BOOKMARK [2][-]{subsection.1.5.2}{Solution}{section.1.5}% 16
\BOOKMARK [1][-]{section.1.6}{Problem 6-6}{chapter.1}% 17
\BOOKMARK [2][-]{subsection.1.6.1}{Problem}{section.1.6}% 18
\BOOKMARK [2][-]{subsection.1.6.2}{Solution}{section.1.6}% 19
\BOOKMARK [1][-]{section.1.7}{Problem 6-7}{chapter.1}% 20
\BOOKMARK [2][-]{subsection.1.7.1}{Problem}{section.1.7}% 21
\BOOKMARK [2][-]{subsection.1.7.2}{Solution}{section.1.7}% 22
\BOOKMARK [1][-]{section.1.8}{Problem 6-8}{chapter.1}% 23
\BOOKMARK [2][-]{subsection.1.8.1}{Problem}{section.1.8}% 24
\BOOKMARK [2][-]{subsection.1.8.2}{Solution}{section.1.8}% 25
\BOOKMARK [0][-]{section*.2}{Bibliography}{}% 26
